
14968 : 0x408698a65b6 : 1 : spill_jit_data :  Jit agent is not initialized
14968 : 0x408698a676d : 2 : ittapi_config_mask_get :  --itt-config mask to be applied: 39
14968 : 0x408698a67ac : 2 : ittapi_config_apply_per_lib :  ITTAPI function instrumented: __itt_domain_createA
14968 : 0x408698a67c6 : 2 : ittapi_config_apply_per_lib :  ITTAPI function instrumented: __itt_domain_createW
14968 : 0x408698a67db : 2 : ittapi_config_apply_per_lib :  ITTAPI function instrumented: __itt_string_handle_createA
14968 : 0x408698a67ea : 2 : ittapi_config_apply_per_lib :  ITTAPI function instrumented: __itt_string_handle_createW
14968 : 0x408698a67fa : 2 : ittapi_config_apply_per_lib :  ITTAPI function instrumented: __itt_counter_createA
14968 : 0x408698a6808 : 2 : ittapi_config_apply_per_lib :  ITTAPI function instrumented: __itt_counter_createW
14968 : 0x408698a6831 : 2 : ittapi_config_apply_per_lib :  ITTAPI function instrumented: __itt_counter_create_typedA
14968 : 0x408698a6840 : 2 : ittapi_config_apply_per_lib :  ITTAPI function instrumented: __itt_counter_create_typedW
14968 : 0x408698a6a74 : 2 : ittapi_config_apply_per_lib :  ITTAPI function instrumented: __itt_pause
14968 : 0x408698a6a89 : 2 : ittapi_config_apply_per_lib :  ITTAPI function instrumented: __itt_resume
14968 : 0x408698a6a98 : 2 : ittapi_config_apply_per_lib :  ITTAPI function instrumented: __itt_thread_set_nameA
14968 : 0x408698a6aa8 : 2 : ittapi_config_apply_per_lib :  ITTAPI function instrumented: __itt_thread_set_nameW
14968 : 0x408698a6ab8 : 2 : ittapi_config_apply_per_lib :  ITTAPI function instrumented: __itt_thread_ignore
14968 : 0x408698a6ac7 : 2 : ittapi_config_apply_per_lib :  ITTAPI function instrumented: __itt_thr_name_setA
14968 : 0x408698a6ad5 : 2 : ittapi_config_apply_per_lib :  ITTAPI function instrumented: __itt_thr_name_setW
14968 : 0x408698a6ae3 : 2 : ittapi_config_apply_per_lib :  ITTAPI function instrumented: __itt_thr_ignore
14968 : 0x408698a6bbb : 2 : ittapi_config_apply_per_lib :  ITTAPI function not implemented: __itt_enable_attach
14968 : 0x408698a6bcc : 2 : ittapi_config_apply_per_lib :  ITTAPI function instrumented: __itt_detach
14968 : 0x408698a6c11 : 2 : ittapi_config_apply_per_lib :  ITTAPI function NOT instrumented (not matched by --itt-config option): __itt_sync_createA

14968 : 0x408698a6c22 : 2 : ittapi_config_apply_per_lib :  ITTAPI function NOT instrumented (not matched by --itt-config option): __itt_sync_createW

14968 : 0x408698a6c33 : 2 : ittapi_config_apply_per_lib :  ITTAPI function NOT instrumented (not matched by --itt-config option): __itt_sync_renameA

14968 : 0x408698a6c43 : 2 : ittapi_config_apply_per_lib :  ITTAPI function NOT instrumented (not matched by --itt-config option): __itt_sync_renameW

14968 : 0x408698a6c52 : 2 : ittapi_config_apply_per_lib :  ITTAPI function NOT instrumented (not matched by --itt-config option): __itt_sync_destroy

14968 : 0x408698a6c62 : 2 : ittapi_config_apply_per_lib :  ITTAPI function NOT instrumented (not matched by --itt-config option): __itt_sync_prepare

14968 : 0x408698a6c71 : 2 : ittapi_config_apply_per_lib :  ITTAPI function NOT instrumented (not matched by --itt-config option): __itt_sync_cancel

14968 : 0x408698a6c81 : 2 : ittapi_config_apply_per_lib :  ITTAPI function NOT instrumented (not matched by --itt-config option): __itt_sync_acquired

14968 : 0x408698a6c91 : 2 : ittapi_config_apply_per_lib :  ITTAPI function NOT instrumented (not matched by --itt-config option): __itt_sync_releasing

14968 : 0x408698a6ca6 : 2 : ittapi_config_apply_per_lib :  ITTAPI function not implemented: __itt_suppress_push
14968 : 0x408698a6cd1 : 2 : ittapi_config_apply_per_lib :  ITTAPI function not implemented: __itt_suppress_pop
14968 : 0x408698a6cf1 : 2 : ittapi_config_apply_per_lib :  ITTAPI function not implemented: __itt_suppress_mark_range
14968 : 0x408698a6d03 : 2 : ittapi_config_apply_per_lib :  ITTAPI function not implemented: __itt_suppress_clear_range
14968 : 0x408698a6d0f : 2 : ittapi_config_apply_per_lib :  ITTAPI function NOT instrumented (not matched by --itt-config option): __itt_sync_prepare

14968 : 0x408698a6d1f : 2 : ittapi_config_apply_per_lib :  ITTAPI function NOT instrumented (not matched by --itt-config option): __itt_sync_cancel

14968 : 0x408698a6d2f : 2 : ittapi_config_apply_per_lib :  ITTAPI function NOT instrumented (not matched by --itt-config option): __itt_sync_acquired

14968 : 0x408698a6d3e : 2 : ittapi_config_apply_per_lib :  ITTAPI function NOT instrumented (not matched by --itt-config option): __itt_sync_releasing

14968 : 0x408698a6d52 : 2 : ittapi_config_apply_per_lib :  ITTAPI function not implemented: __itt_model_site_begin
14968 : 0x408698a6d62 : 2 : ittapi_config_apply_per_lib :  ITTAPI function not implemented: __itt_model_site_end
14968 : 0x408698a6d70 : 2 : ittapi_config_apply_per_lib :  ITTAPI function not implemented: __itt_model_task_begin
14968 : 0x408698a6e3a : 2 : ittapi_config_apply_per_lib :  ITTAPI function not implemented: __itt_model_task_end
14968 : 0x408698a6e4b : 2 : ittapi_config_apply_per_lib :  ITTAPI function not implemented: __itt_model_lock_acquire
14968 : 0x408698a6e5a : 2 : ittapi_config_apply_per_lib :  ITTAPI function not implemented: __itt_model_lock_release
14968 : 0x408698a6e69 : 2 : ittapi_config_apply_per_lib :  ITTAPI function not implemented: __itt_model_record_allocation
14968 : 0x408698a6e79 : 2 : ittapi_config_apply_per_lib :  ITTAPI function not implemented: __itt_model_record_deallocation
14968 : 0x408698a6e87 : 2 : ittapi_config_apply_per_lib :  ITTAPI function not implemented: __itt_model_induction_uses
14968 : 0x408698a6e96 : 2 : ittapi_config_apply_per_lib :  ITTAPI function not implemented: __itt_model_reduction_uses
14968 : 0x408698a6ea5 : 2 : ittapi_config_apply_per_lib :  ITTAPI function not implemented: __itt_model_observe_uses
14968 : 0x408698a6eb4 : 2 : ittapi_config_apply_per_lib :  ITTAPI function not implemented: __itt_model_clear_uses
14968 : 0x408698a6ec2 : 2 : ittapi_config_apply_per_lib :  ITTAPI function not implemented: __itt_model_site_beginW
14968 : 0x408698a6ef6 : 2 : ittapi_config_apply_per_lib :  ITTAPI function not implemented: __itt_model_task_beginW
14968 : 0x408698a6f06 : 2 : ittapi_config_apply_per_lib :  ITTAPI function not implemented: __itt_model_iteration_taskW
14968 : 0x408698a6f15 : 2 : ittapi_config_apply_per_lib :  ITTAPI function not implemented: __itt_model_site_beginA
14968 : 0x408698a6f23 : 2 : ittapi_config_apply_per_lib :  ITTAPI function not implemented: __itt_model_site_beginAL
14968 : 0x408698a6f31 : 2 : ittapi_config_apply_per_lib :  ITTAPI function not implemented: __itt_model_task_beginA
14968 : 0x408698a6f40 : 2 : ittapi_config_apply_per_lib :  ITTAPI function not implemented: __itt_model_task_beginAL
14968 : 0x408698a6f4f : 2 : ittapi_config_apply_per_lib :  ITTAPI function not implemented: __itt_model_iteration_taskA
14968 : 0x408698a6f5d : 2 : ittapi_config_apply_per_lib :  ITTAPI function not implemented: __itt_model_iteration_taskAL
14968 : 0x408698a6f6c : 2 : ittapi_config_apply_per_lib :  ITTAPI function not implemented: __itt_model_site_end_2
14968 : 0x408698a6f7b : 2 : ittapi_config_apply_per_lib :  ITTAPI function not implemented: __itt_model_task_end_2
14968 : 0x408698a6fa2 : 2 : ittapi_config_apply_per_lib :  ITTAPI function not implemented: __itt_model_lock_acquire_2
14968 : 0x408698a6fb1 : 2 : ittapi_config_apply_per_lib :  ITTAPI function not implemented: __itt_model_lock_release_2
14968 : 0x408698a6fc0 : 2 : ittapi_config_apply_per_lib :  ITTAPI function not implemented: __itt_model_aggregate_task
14968 : 0x408698a6fcf : 2 : ittapi_config_apply_per_lib :  ITTAPI function not implemented: __itt_model_disable_push
14968 : 0x408698a6fdd : 2 : ittapi_config_apply_per_lib :  ITTAPI function not implemented: __itt_model_disable_pop
14968 : 0x408698a6fed : 2 : ittapi_config_apply_per_lib :  ITTAPI function instrumented: __itt_heap_function_createA
14968 : 0x408698a6ffb : 2 : ittapi_config_apply_per_lib :  ITTAPI function instrumented: __itt_heap_function_createW
14968 : 0x408698a700b : 2 : ittapi_config_apply_per_lib :  ITTAPI function instrumented: __itt_heap_allocate_begin
14968 : 0x408698a7019 : 2 : ittapi_config_apply_per_lib :  ITTAPI function instrumented: __itt_heap_allocate_end
14968 : 0x408698a7027 : 2 : ittapi_config_apply_per_lib :  ITTAPI function instrumented: __itt_heap_free_begin
14968 : 0x408698a70cf : 2 : ittapi_config_apply_per_lib :  ITTAPI function instrumented: __itt_heap_free_end
14968 : 0x408698a70df : 2 : ittapi_config_apply_per_lib :  ITTAPI function instrumented: __itt_heap_reallocate_begin
14968 : 0x408698a70ee : 2 : ittapi_config_apply_per_lib :  ITTAPI function instrumented: __itt_heap_reallocate_end
14968 : 0x408698a70ff : 2 : ittapi_config_apply_per_lib :  ITTAPI function not implemented: __itt_heap_internal_access_begin
14968 : 0x408698a710e : 2 : ittapi_config_apply_per_lib :  ITTAPI function not implemented: __itt_heap_internal_access_end
14968 : 0x408698a711e : 2 : ittapi_config_apply_per_lib :  ITTAPI function not implemented: __itt_heap_record_memory_growth_begin
14968 : 0x408698a712e : 2 : ittapi_config_apply_per_lib :  ITTAPI function not implemented: __itt_heap_record_memory_growth_end
14968 : 0x408698a713d : 2 : ittapi_config_apply_per_lib :  ITTAPI function not implemented: __itt_heap_reset_detection
14968 : 0x408698a714d : 2 : ittapi_config_apply_per_lib :  ITTAPI function not implemented: __itt_heap_record
14968 : 0x408698a715b : 2 : ittapi_config_apply_per_lib :  ITTAPI function not implemented: __itt_id_create
14968 : 0x408698a718c : 2 : ittapi_config_apply_per_lib :  ITTAPI function not implemented: __itt_id_destroy
14968 : 0x408698a719b : 2 : ittapi_config_apply_per_lib :  ITTAPI function instrumented: __itt_get_timestamp
14968 : 0x408698a71ab : 2 : ittapi_config_apply_per_lib :  ITTAPI function not implemented: __itt_region_begin
14968 : 0x408698a71b9 : 2 : ittapi_config_apply_per_lib :  ITTAPI function not implemented: __itt_region_end
14968 : 0x408698a71c8 : 2 : ittapi_config_apply_per_lib :  ITTAPI function instrumented: __itt_frame_begin_v3
14968 : 0x408698a71d6 : 2 : ittapi_config_apply_per_lib :  ITTAPI function instrumented: __itt_frame_end_v3
14968 : 0x408698a71e5 : 2 : ittapi_config_apply_per_lib :  ITTAPI function instrumented: __itt_frame_submit_v3
14968 : 0x408698a71f3 : 2 : ittapi_config_apply_per_lib :  ITTAPI function not implemented: __itt_task_group
14968 : 0x408698a7202 : 2 : ittapi_config_apply_per_lib :  ITTAPI function instrumented: __itt_task_begin
14968 : 0x408698a7210 : 2 : ittapi_config_apply_per_lib :  ITTAPI function instrumented: __itt_task_begin_fn
14968 : 0x408698a7238 : 2 : ittapi_config_apply_per_lib :  ITTAPI function instrumented: __itt_task_end
14968 : 0x408698a7248 : 2 : ittapi_config_apply_per_lib :  ITTAPI function not implemented: __itt_counter_inc_v3
14968 : 0x408698a7257 : 2 : ittapi_config_apply_per_lib :  ITTAPI function not implemented: __itt_counter_inc_delta_v3
14968 : 0x408698a7267 : 2 : ittapi_config_apply_per_lib :  ITTAPI function not implemented: __itt_counter_dec_v3
14968 : 0x408698a7276 : 2 : ittapi_config_apply_per_lib :  ITTAPI function not implemented: __itt_counter_dec_delta_v3
14968 : 0x408698a7286 : 2 : ittapi_config_apply_per_lib :  ITTAPI function not implemented: __itt_marker
14968 : 0x408698a7294 : 2 : ittapi_config_apply_per_lib :  ITTAPI function instrumented: __itt_metadata_add
14968 : 0x408698a72a2 : 2 : ittapi_config_apply_per_lib :  ITTAPI function not implemented: __itt_metadata_str_addA
14968 : 0x408698a72b1 : 2 : ittapi_config_apply_per_lib :  ITTAPI function not implemented: __itt_metadata_str_addW
14968 : 0x408698a72c0 : 2 : ittapi_config_apply_per_lib :  ITTAPI function not implemented: __itt_relation_add_to_current
14968 : 0x408698a72e9 : 2 : ittapi_config_apply_per_lib :  ITTAPI function not implemented: __itt_relation_add
14968 : 0x408698a72f8 : 2 : ittapi_config_apply_per_lib :  ITTAPI function instrumented: __itt_event_createA
14968 : 0x408698a7306 : 2 : ittapi_config_apply_per_lib :  ITTAPI function instrumented: __itt_event_createW
14968 : 0x408698a7313 : 2 : ittapi_config_apply_per_lib :  ITTAPI function instrumented: __itt_event_start
14968 : 0x408698a7321 : 2 : ittapi_config_apply_per_lib :  ITTAPI function instrumented: __itt_event_end
14968 : 0x408698a732d : 2 : ittapi_config_apply_per_lib :  ITTAPI function NOT instrumented (not matched by --itt-config option): __itt_sync_set_nameA

14968 : 0x408698a733d : 2 : ittapi_config_apply_per_lib :  ITTAPI function NOT instrumented (not matched by --itt-config option): __itt_sync_set_nameW

14968 : 0x408698a734c : 2 : ittapi_config_apply_per_lib :  ITTAPI function NOT instrumented (not matched by --itt-config option): __itt_notify_sync_nameA

14968 : 0x408698a735c : 2 : ittapi_config_apply_per_lib :  ITTAPI function NOT instrumented (not matched by --itt-config option): __itt_notify_sync_nameW

14968 : 0x408698a736c : 2 : ittapi_config_apply_per_lib :  ITTAPI function NOT instrumented (not matched by --itt-config option): __itt_notify_sync_prepare

14968 : 0x408698a7429 : 2 : ittapi_config_apply_per_lib :  ITTAPI function NOT instrumented (not matched by --itt-config option): __itt_notify_sync_cancel

14968 : 0x408698a743b : 2 : ittapi_config_apply_per_lib :  ITTAPI function NOT instrumented (not matched by --itt-config option): __itt_notify_sync_acquired

14968 : 0x408698a744b : 2 : ittapi_config_apply_per_lib :  ITTAPI function NOT instrumented (not matched by --itt-config option): __itt_notify_sync_releasing

14968 : 0x408698a751d : 2 : ittapi_config_apply_per_lib :  ITTAPI function not implemented: __itt_memory_read
14968 : 0x408698a752f : 2 : ittapi_config_apply_per_lib :  ITTAPI function not implemented: __itt_memory_write
14968 : 0x408698a753e : 2 : ittapi_config_apply_per_lib :  ITTAPI function not implemented: __itt_memory_update
14968 : 0x408698a754f : 2 : ittapi_config_apply_per_lib :  ITTAPI function not implemented: __itt_state_get
14968 : 0x408698a756d : 2 : ittapi_config_apply_per_lib :  ITTAPI function not implemented: __itt_state_set
14968 : 0x408698a757c : 2 : ittapi_config_apply_per_lib :  ITTAPI function not implemented: __itt_obj_mode_set
14968 : 0x408698a758b : 2 : ittapi_config_apply_per_lib :  ITTAPI function not implemented: __itt_thr_mode_set
14968 : 0x408698a75be : 2 : ittapi_config_apply_per_lib :  ITTAPI function instrumented: __itt_frame_createA
14968 : 0x408698a75cc : 2 : ittapi_config_apply_per_lib :  ITTAPI function instrumented: __itt_frame_createW
14968 : 0x408698a75db : 2 : ittapi_config_apply_per_lib :  ITTAPI function instrumented: __itt_frame_begin
14968 : 0x408698a75e9 : 2 : ittapi_config_apply_per_lib :  ITTAPI function instrumented: __itt_frame_end
14968 : 0x408698a75f9 : 2 : ittapi_config_apply_per_lib :  ITTAPI function not implemented: __itt_counter_destroy
14968 : 0x408698a7607 : 2 : ittapi_config_apply_per_lib :  ITTAPI function instrumented: __itt_counter_inc
14968 : 0x408698a7616 : 2 : ittapi_config_apply_per_lib :  ITTAPI function instrumented: __itt_counter_inc_delta
14968 : 0x408698a7623 : 2 : ittapi_config_apply_per_lib :  ITTAPI function instrumented: __itt_counter_dec
14968 : 0x408698a7631 : 2 : ittapi_config_apply_per_lib :  ITTAPI function instrumented: __itt_counter_dec_delta
14968 : 0x408698a7640 : 2 : ittapi_config_apply_per_lib :  ITTAPI function instrumented: __itt_counter_set_value
14968 : 0x408698a766a : 2 : ittapi_config_apply_per_lib :  ITTAPI function not implemented: __itt_counter_set_value_ex
14968 : 0x408698a7679 : 2 : ittapi_config_apply_per_lib :  ITTAPI function not implemented: __itt_mark_createA
14968 : 0x408698a7688 : 2 : ittapi_config_apply_per_lib :  ITTAPI function not implemented: __itt_mark_createW
14968 : 0x408698a7697 : 2 : ittapi_config_apply_per_lib :  ITTAPI function not implemented: __itt_markA
14968 : 0x408698a76a5 : 2 : ittapi_config_apply_per_lib :  ITTAPI function not implemented: __itt_markW
14968 : 0x408698a76b4 : 2 : ittapi_config_apply_per_lib :  ITTAPI function not implemented: __itt_mark_off
14968 : 0x408698a76c3 : 2 : ittapi_config_apply_per_lib :  ITTAPI function not implemented: __itt_mark_globalA
14968 : 0x408698a7797 : 2 : ittapi_config_apply_per_lib :  ITTAPI function not implemented: __itt_mark_globalW
14968 : 0x408698a77a6 : 2 : ittapi_config_apply_per_lib :  ITTAPI function not implemented: __itt_mark_global_off
14968 : 0x408698a77b3 : 2 : ittapi_config_apply_per_lib :  ITTAPI function NOT instrumented (not matched by --itt-config option): __itt_stack_caller_create

14968 : 0x408698a77e9 : 2 : ittapi_config_apply_per_lib :  ITTAPI function NOT instrumented (not matched by --itt-config option): __itt_stack_caller_destroy

14968 : 0x408698a77f9 : 2 : ittapi_config_apply_per_lib :  ITTAPI function NOT instrumented (not matched by --itt-config option): __itt_stack_callee_enter

14968 : 0x408698a7809 : 2 : ittapi_config_apply_per_lib :  ITTAPI function NOT instrumented (not matched by --itt-config option): __itt_stack_callee_leave

14968 : 0x408698a781c : 2 : ittapi_config_apply_per_lib :  ITTAPI function not implemented: __itt_clock_domain_create
14968 : 0x408698a782b : 2 : ittapi_config_apply_per_lib :  ITTAPI function not implemented: __itt_clock_domain_reset
14968 : 0x408698a783a : 2 : ittapi_config_apply_per_lib :  ITTAPI function not implemented: __itt_id_create_ex
14968 : 0x408698a7849 : 2 : ittapi_config_apply_per_lib :  ITTAPI function not implemented: __itt_id_destroy_ex
14968 : 0x408698a7858 : 2 : ittapi_config_apply_per_lib :  ITTAPI function not implemented: __itt_task_begin_ex
14968 : 0x408698a7867 : 2 : ittapi_config_apply_per_lib :  ITTAPI function not implemented: __itt_task_begin_fn_ex
14968 : 0x408698a7877 : 2 : ittapi_config_apply_per_lib :  ITTAPI function not implemented: __itt_task_end_ex
14968 : 0x408698a78a5 : 2 : ittapi_config_apply_per_lib :  ITTAPI function instrumented: __itt_task_begin_overlapped
14968 : 0x408698a78b5 : 2 : ittapi_config_apply_per_lib :  ITTAPI function not implemented: __itt_task_begin_overlapped_ex
14968 : 0x408698a78c3 : 2 : ittapi_config_apply_per_lib :  ITTAPI function instrumented: __itt_task_end_overlapped
14968 : 0x408698a78d2 : 2 : ittapi_config_apply_per_lib :  ITTAPI function not implemented: __itt_task_end_overlapped_ex
14968 : 0x408698a78e1 : 2 : ittapi_config_apply_per_lib :  ITTAPI function not implemented: __itt_marker_ex
14968 : 0x408698a78f0 : 2 : ittapi_config_apply_per_lib :  ITTAPI function not implemented: __itt_metadata_add_with_scope
14968 : 0x408698a7900 : 2 : ittapi_config_apply_per_lib :  ITTAPI function not implemented: __itt_metadata_str_add_with_scopeA
14968 : 0x408698a7911 : 2 : ittapi_config_apply_per_lib :  ITTAPI function not implemented: __itt_metadata_str_add_with_scopeW
14968 : 0x408698a7920 : 2 : ittapi_config_apply_per_lib :  ITTAPI function not implemented: __itt_relation_add_to_current_ex
14968 : 0x408698a7930 : 2 : ittapi_config_apply_per_lib :  ITTAPI function not implemented: __itt_relation_add_ex
14968 : 0x408698a7958 : 2 : ittapi_config_apply_per_lib :  ITTAPI function not implemented: __itt_track_group_create
14968 : 0x408698a7968 : 2 : ittapi_config_apply_per_lib :  ITTAPI function not implemented: __itt_track_create
14968 : 0x408698a7977 : 2 : ittapi_config_apply_per_lib :  ITTAPI function not implemented: __itt_set_track
14968 : 0x408698a7985 : 2 : ittapi_config_apply_per_lib :  ITTAPI function instrumented: __itt_api_version
14968 : 0x408698a7993 : 2 : ittapi_config_apply_per_lib :  ITTAPI function not implemented: __itt_av_saveA
14968 : 0x408698a79a1 : 2 : ittapi_config_apply_per_lib :  ITTAPI function not implemented: __itt_av_saveW
14968 : 0x408698a79af : 2 : ittapi_config_apply_per_lib :  ITTAPI function instrumented: __itt_module_loadA
14968 : 0x408698a79bc : 2 : ittapi_config_apply_per_lib :  ITTAPI function instrumented: __itt_module_loadW